0 info it worked if it ends with ok
1 verbose cli [ 'D:\\nodejs\\node.exe',
1 verbose cli   'C:\\Users\\weibin\\AppData\\Roaming\\npm\\node_modules\\npm\\bin\\npm-cli.js',
1 verbose cli   'run',
1 verbose cli   'build' ]
2 info using npm@4.1.1
3 info using node@v6.2.0
4 verbose stack Error: ENOENT: no such file or directory, open 'D:\九次方工作\金融小场景\05_招商通\03_代码\01_前端\dist\package.json'
4 verbose stack     at Error (native)
5 verbose cwd D:\九次方工作\金融小场景\05_招商通\03_代码\01_前端\dist
6 error Windows_NT 10.0.14393
7 error argv "D:\\nodejs\\node.exe" "C:\\Users\\weibin\\AppData\\Roaming\\npm\\node_modules\\npm\\bin\\npm-cli.js" "run" "build"
8 error node v6.2.0
9 error npm  v4.1.1
10 error path D:\九次方工作\金融小场景\05_招商通\03_代码\01_前端\dist\package.json
11 error code ENOENT
12 error errno -4058
13 error syscall open
14 error enoent ENOENT: no such file or directory, open 'D:\九次方工作\金融小场景\05_招商通\03_代码\01_前端\dist\package.json'
15 error enoent ENOENT: no such file or directory, open 'D:\九次方工作\金融小场景\05_招商通\03_代码\01_前端\dist\package.json'
15 error enoent This is most likely not a problem with npm itself
15 error enoent and is related to npm not being able to find a file.
16 verbose exit [ -4058, true ]
